<?xml version="1.0" encoding="UTF-8"?>
<testng-results ignored="0" total="1" passed="1" failed="0" skipped="0">
  <reporter-output>
  </reporter-output>
  <suite started-at="2022-06-19T14:22:45 IST" name="Default suite" finished-at="2022-06-19T14:23:02 IST" duration-ms="16525">
    <groups>
    </groups>
    <test started-at="2022-06-19T14:22:45 IST" name="Default test" finished-at="2022-06-19T14:23:02 IST" duration-ms="16525">
      <class name="Test.PinpageTest">
        <test-method is-config="true" signature="launchBrowser()[pri:0, instance:Test.PinpageTest@306e95ec]" started-at="2022-06-19T14:22:45 IST" name="launchBrowser" finished-at="2022-06-19T14:22:54 IST" duration-ms="9188" status="PASS">
          <reporter-output>
          </reporter-output>
        </test-method> <!-- launchBrowser -->
        <test-method signature="loginzerodhawithpinpage()[pri:0, instance:Test.PinpageTest@306e95ec]" started-at="2022-06-19T14:22:54 IST" name="loginzerodhawithpinpage" finished-at="2022-06-19T14:23:02 IST" duration-ms="7286" status="PASS">
          <reporter-output>
          </reporter-output>
        </test-method> <!-- loginzerodhawithpinpage -->
      </class> <!-- Test.PinpageTest -->
    </test> <!-- Default test -->
  </suite> <!-- Default suite -->
</testng-results>
